<?xml version="1.0" encoding="UTF-8"?>
<!-- Generated by org.testng.reporters.JUnitReportReporter -->
<testsuite hostname="Nilmie" failures="0" tests="1" name="Assignment.Assignment" time="21.673" errors="0" timestamp="10 Oct 2018 10:57:07 GMT" skipped="0">
  <testcase classname="Assignment.Assignment" name="testSearch" time="21.673"/>
</testsuite> <!-- Assignment.Assignment -->
